<?xml version="1.0" encoding="UTF-8"?>
<!-- Generated by org.testng.reporters.JUnitXMLReporter -->
<testsuite hostname="macbookprojp-5.home" name="Default test(failed)" tests="1" failures="1" timestamp="18 Dec 2011 20:58:44 GMT" time="0.043" errors="0">
  <testcase name="float11127toBinaryString" time="0.025" classname="ieee754.saneExtendedPrecision.testSANE">
    <failure type="java.lang.ArrayIndexOutOfBoundsException" message="63">
      <![CDATA[java.lang.ArrayIndexOutOfBoundsException: 63
	at ieee754.saneExtendedPrecision.BitTable.set(BitTable.java:62)
	at ieee754.saneExtendedPrecision.Exponent.<init>(Exponent.java:16)
	at ieee754.saneExtendedPrecision.AbstractExtendedPrecision.parseByteTable(AbstractExtendedPrecision.java:37)
	at ieee754.saneExtendedPrecision.AbstractExtendedPrecision.<init>(AbstractExtendedPrecision.java:20)
	at ieee754.saneExtendedPrecision.ExtendedPrecision80.<init>(ExtendedPrecision80.java:14)
	at ieee754.saneExtendedPrecision.testSANE.float11127toBinaryString(testSANE.java:1078)
... Removed 24 stack frames]]>
    </failure>
  </testcase>
</testsuite>
