<?xml version="1.0" encoding="UTF-8"?>
<!-- Generated by org.testng.reporters.JUnitXMLReporter -->
<testsuite hostname="macbookprojp-5.home" name="Default test(failed)(failed)(failed)(failed)(failed)(failed)" tests="1" failures="1" timestamp="17 Dec 2011 09:16:46 GMT" time="0.212" errors="0">
  <testcase name="toFloatNaN" time="0.077" classname="ieee754.saneExtendedPrecision.testSANE">
    <failure type="java.lang.AssertionError">
      <![CDATA[java.lang.AssertionError
	at ieee754.saneExtendedPrecision.testSANE.toFloatNaN(testSANE.java:879)
... Removed 24 stack frames]]>
    </failure>
  </testcase>
</testsuite>
