<?xml version="1.0" encoding="UTF-8"?>
<!-- Generated by org.testng.reporters.JUnitXMLReporter -->
<testsuite hostname="macbookprojp-5.home" name="Default test(failed)(failed)(failed)(failed)(failed)(failed)(failed)(failed)(failed)(failed)(failed)(failed)(failed)(failed)" tests="1" failures="1" timestamp="30 Nov 2011 21:07:40 GMT" time="0.036" errors="0">
  <testcase name="float64bits" time="0.013" classname="ieee754.testSANE">
    <failure type="java.lang.AssertionError">
      <![CDATA[java.lang.AssertionError
	at ieee754.testSANE.float64bits(testSANE.java:652)
... Removed 24 stack frames]]>
    </failure>
  </testcase>
</testsuite>
